<?xml version="1.0" encoding="UTF-8"?>
<testng-results skipped="0" failed="0" ignored="0" total="2" passed="2">
  <reporter-output>
  </reporter-output>
  <suite name="Default suite" duration-ms="41951" started-at="2018-12-05T21:52:49Z" finished-at="2018-12-05T21:53:31Z">
    <groups>
    </groups>
    <test name="Default test" duration-ms="41951" started-at="2018-12-05T21:52:49Z" finished-at="2018-12-05T21:53:31Z">
      <class name="tests.LoginTests">
        <test-method status="PASS" signature="setup()[pri:0, instance:tests.LoginTests@cc285f4]" name="setup" is-config="true" duration-ms="9008" started-at="2018-12-05T21:52:50Z" finished-at="2018-12-05T21:52:59Z">
          <reporter-output>
          </reporter-output>
        </test-method> <!-- setup -->
        <test-method status="PASS" signature="invalidLoginTest_InvalidUserNameInvalidPassword()[pri:0, instance:tests.LoginTests@cc285f4]" name="invalidLoginTest_InvalidUserNameInvalidPassword" duration-ms="20268" started-at="2018-12-05T21:52:59Z" finished-at="2018-12-05T21:53:19Z">
          <reporter-output>
          </reporter-output>
        </test-method> <!-- invalidLoginTest_InvalidUserNameInvalidPassword -->
        <test-method status="PASS" signature="invalidLoginTest_EmptyUserEmptyPassword()[pri:1, instance:tests.LoginTests@cc285f4]" name="invalidLoginTest_EmptyUserEmptyPassword" duration-ms="11167" started-at="2018-12-05T21:53:19Z" finished-at="2018-12-05T21:53:30Z">
          <reporter-output>
          </reporter-output>
        </test-method> <!-- invalidLoginTest_EmptyUserEmptyPassword -->
        <test-method status="PASS" signature="teardown()[pri:0, instance:tests.LoginTests@cc285f4]" name="teardown" is-config="true" duration-ms="1408" started-at="2018-12-05T21:53:30Z" finished-at="2018-12-05T21:53:31Z">
          <reporter-output>
          </reporter-output>
        </test-method> <!-- teardown -->
      </class> <!-- tests.LoginTests -->
    </test> <!-- Default test -->
  </suite> <!-- Default suite -->
</testng-results>
