<?xml version="1.0" encoding="UTF-8"?>
<!-- Generated by org.testng.reporters.JUnitXMLReporter -->
<testsuite hostname="MTYTM15415WV1" ignored="0" name="Default test" tests="2" failures="0" timestamp="05 Dec 2018 21:53:32 GMT" time="41.951" errors="0">
  <testcase name="invalidLoginTest_InvalidUserNameInvalidPassword" time="20.268" classname="tests.LoginTests"/>
  <testcase name="invalidLoginTest_EmptyUserEmptyPassword" time="11.167" classname="tests.LoginTests"/>
</testsuite> <!-- Default test -->
